{
  "stats": {
    "suites": 1,
    "tests": 2,
    "passes": 2,
    "pending": 0,
    "failures": 0,
    "start": "2023-02-09T17:20:32.864Z",
    "end": "2023-02-09T17:20:34.159Z",
    "duration": 1295,
    "testsRegistered": 2,
    "passPercent": 100,
    "pendingPercent": 0,
    "other": 0,
    "hasOther": false,
    "skipped": 0,
    "hasSkipped": false
  },
  "results": [
    {
      "uuid": "049975bb-6761-45ed-aabf-68bf971b7c50",
      "title": "",
      "fullFile": "D:\\Projects\\QA\\javascript-automation\\test\\api\\chaiAssert.js",
      "file": "\\test\\api\\chaiAssert.js",
      "beforeHooks": [],
      "afterHooks": [],
      "tests": [],
      "suites": [
        {
          "uuid": "ed34cbce-ee84-4775-93ce-d7911a7e3b37",
          "title": "Expect Response",
          "fullFile": "D:\\Projects\\QA\\javascript-automation\\test\\api\\chaiAssert.js",
          "file": "\\test\\api\\chaiAssert.js",
          "beforeHooks": [],
          "afterHooks": [],
          "tests": [
            {
              "title": "should return status equal 200",
              "fullTitle": "Expect Response should return status equal 200",
              "timedOut": false,
              "duration": 1275,
              "state": "passed",
              "speed": "slow",
              "pass": true,
              "fail": false,
              "pending": false,
              "context": null,
              "code": "expect((await response).status).to.equal(200);",
              "err": {},
              "uuid": "4da95a4e-317e-44b7-9558-fa7fc6e34ab1",
              "parentUUID": "ed34cbce-ee84-4775-93ce-d7911a7e3b37",
              "isHook": false,
              "skipped": false
            },
            {
              "title": "should body to haveOwnProperty",
              "fullTitle": "Expect Response should body to haveOwnProperty",
              "timedOut": false,
              "duration": 2,
              "state": "passed",
              "speed": "fast",
              "pass": true,
              "fail": false,
              "pending": false,
              "context": null,
              "code": "expect((await response).body).to.haveOwnProperty(\"code\");\nexpect((await response).body).to.haveOwnProperty(\"type\");\nexpect((await response).body).to.haveOwnProperty(\"message\");",
              "err": {},
              "uuid": "20d2c562-f6ff-418c-92c8-32b635262641",
              "parentUUID": "ed34cbce-ee84-4775-93ce-d7911a7e3b37",
              "isHook": false,
              "skipped": false
            }
          ],
          "suites": [],
          "passes": [
            "4da95a4e-317e-44b7-9558-fa7fc6e34ab1",
            "20d2c562-f6ff-418c-92c8-32b635262641"
          ],
          "failures": [],
          "pending": [],
          "skipped": [],
          "duration": 1277,
          "root": false,
          "rootEmpty": false,
          "_timeout": 2000
        }
      ],
      "passes": [],
      "failures": [],
      "pending": [],
      "skipped": [],
      "duration": 0,
      "root": true,
      "rootEmpty": true,
      "_timeout": 2000
    }
  ],
  "meta": {
    "mocha": {
      "version": "10.2.0"
    },
    "mochawesome": {
      "options": {
        "quiet": false,
        "reportFilename": "mochawesome",
        "saveHtml": true,
        "saveJson": true,
        "consoleReporter": "spec",
        "useInlineDiffs": false,
        "code": true
      },
      "version": "7.1.3"
    },
    "marge": {
      "options": null,
      "version": "6.2.0"
    }
  }
}