{
  "stats": {
    "suites": 1,
    "tests": 2,
    "passes": 2,
    "pending": 0,
    "failures": 0,
    "start": "2023-02-09T10:10:47.484Z",
    "end": "2023-02-09T10:10:48.628Z",
    "duration": 1144,
    "testsRegistered": 2,
    "passPercent": 100,
    "pendingPercent": 0,
    "other": 0,
    "hasOther": false,
    "skipped": 0,
    "hasSkipped": false
  },
  "results": [
    {
      "uuid": "1e548683-30c0-493c-8178-5091bc854bef",
      "title": "",
      "fullFile": "D:\\Projects\\QA\\javascript-automation\\test\\api\\chaiAssert.js",
      "file": "\\test\\api\\chaiAssert.js",
      "beforeHooks": [],
      "afterHooks": [],
      "tests": [],
      "suites": [
        {
          "uuid": "7b61b6ce-d333-49af-b900-7699559dc810",
          "title": "Expect Response",
          "fullFile": "D:\\Projects\\QA\\javascript-automation\\test\\api\\chaiAssert.js",
          "file": "\\test\\api\\chaiAssert.js",
          "beforeHooks": [],
          "afterHooks": [],
          "tests": [
            {
              "title": "should return status equal 200",
              "fullTitle": "Expect Response should return status equal 200",
              "timedOut": false,
              "duration": 1131,
              "state": "passed",
              "speed": "slow",
              "pass": true,
              "fail": false,
              "pending": false,
              "context": null,
              "code": "expect((await response).status).to.equal(200);",
              "err": {},
              "uuid": "cddc2e40-6514-4bfb-82be-d05402cf6856",
              "parentUUID": "7b61b6ce-d333-49af-b900-7699559dc810",
              "isHook": false,
              "skipped": false
            },
            {
              "title": "should body to haveOwnProperty",
              "fullTitle": "Expect Response should body to haveOwnProperty",
              "timedOut": false,
              "duration": 1,
              "state": "passed",
              "speed": "fast",
              "pass": true,
              "fail": false,
              "pending": false,
              "context": null,
              "code": "expect((await response).body).to.haveOwnProperty(\"code\");\nexpect((await response).body).to.haveOwnProperty(\"type\");\nexpect((await response).body).to.haveOwnProperty(\"message\");",
              "err": {},
              "uuid": "f926433f-cda8-44b9-922c-cf04a2bb4548",
              "parentUUID": "7b61b6ce-d333-49af-b900-7699559dc810",
              "isHook": false,
              "skipped": false
            }
          ],
          "suites": [],
          "passes": [
            "cddc2e40-6514-4bfb-82be-d05402cf6856",
            "f926433f-cda8-44b9-922c-cf04a2bb4548"
          ],
          "failures": [],
          "pending": [],
          "skipped": [],
          "duration": 1132,
          "root": false,
          "rootEmpty": false,
          "_timeout": 2000
        }
      ],
      "passes": [],
      "failures": [],
      "pending": [],
      "skipped": [],
      "duration": 0,
      "root": true,
      "rootEmpty": true,
      "_timeout": 2000
    }
  ],
  "meta": {
    "mocha": {
      "version": "10.2.0"
    },
    "mochawesome": {
      "options": {
        "quiet": false,
        "reportFilename": "mochawesome",
        "saveHtml": true,
        "saveJson": true,
        "consoleReporter": "spec",
        "useInlineDiffs": false,
        "code": true
      },
      "version": "7.1.3"
    },
    "marge": {
      "options": null,
      "version": "6.2.0"
    }
  }
}